[debug] [2023-10-30T14:58:59.095Z] ----------------------------------------------------------------------
[debug] [2023-10-30T14:58:59.098Z] Command:       C:\Program Files\nodejs\node.exe C:\Users\CompuMisr\AppData\Roaming\npm\node_modules\firebase-tools\lib\bin\firebase.js init
[debug] [2023-10-30T14:58:59.098Z] CLI Version:   12.7.0
[debug] [2023-10-30T14:58:59.099Z] Platform:      win32
[debug] [2023-10-30T14:58:59.099Z] Node Version:  v20.9.0
[debug] [2023-10-30T14:58:59.099Z] Time:          Mon Oct 30 2023 16:58:59 GMT+0200 (Eastern European Standard Time)
[debug] [2023-10-30T14:58:59.099Z] ----------------------------------------------------------------------
[debug] 
[debug] [2023-10-30T14:58:59.108Z] > command requires scopes: ["email","openid","https://www.googleapis.com/auth/cloudplatformprojects.readonly","https://www.googleapis.com/auth/firebase","https://www.googleapis.com/auth/cloud-platform"]
[debug] [2023-10-30T14:58:59.109Z] > authorizing via signed-in user (an0482340@gmail.com)
[info] 
     ######## #### ########  ######## ########     ###     ######  ########
     ##        ##  ##     ## ##       ##     ##  ##   ##  ##       ##
     ######    ##  ########  ######   ########  #########  ######  ######
     ##        ##  ##    ##  ##       ##     ## ##     ##       ## ##
     ##       #### ##     ## ######## ########  ##     ##  ######  ########

You're about to initialize a Firebase project in this directory:

  C:\Users\CompuMisr\Desktop\My personal website

[info] 
=== Project Setup
[info] 
[info] First, let's associate this project directory with a Firebase project.
[info] You can create multiple project aliases by running firebase use --add, 
[info] but for now we'll just set up a default project.
[info] 
[info] i  If you want to create a project in a Google Cloud organization or folder, please use "firebase projects:create" instead, and return to this command when you've created the project. 
[debug] [2023-10-30T15:00:39.994Z] >>> [apiv2][query] POST https://cloudresourcemanager.googleapis.com/v1/projects [none]
[debug] [2023-10-30T15:00:39.995Z] >>> [apiv2][body] POST https://cloudresourcemanager.googleapis.com/v1/projects {"projectId":"mywebsite","name":"n"}
[debug] [2023-10-30T15:00:40.116Z] *** [apiv2] error from fetch(https://cloudresourcemanager.googleapis.com/v1/projects, {"headers":{},"method":"POST","signal":{},"body":"{\"projectId\":\"mywebsite\",\"name\":\"n\"}"}): FetchError: request to https://cloudresourcemanager.googleapis.com/v1/projects failed, reason: getaddrinfo ENOTFOUND cloudresourcemanager.googleapis.com
[debug] [2023-10-30T15:00:40.120Z] FirebaseError: Failed to make request to https://cloudresourcemanager.googleapis.com/v1/projects
    at RetryOperation._fn (C:\Users\CompuMisr\AppData\Roaming\npm\node_modules\firebase-tools\lib\apiv2.js:239:31)
    at process.processTicksAndRejections (node:internal/process/task_queues:95:5)
[error] 
[error] Error: Failed to create project. See firebase-debug.log for more info.
